TN:
SF:index.js
FN:10,(anonymous_0)
FNF:1
FNH:1
FNDA:9,(anonymous_0)
DA:3,9
DA:4,9
DA:5,9
DA:6,9
DA:7,9
DA:8,9
DA:10,9
DA:11,9
DA:23,9
DA:24,9
DA:25,9
DA:27,9
DA:28,9
DA:30,9
DA:32,9
DA:33,0
DA:36,9
DA:37,9
DA:39,9
LF:19
LH:18
BRDA:32,0,0,0
BRDA:32,0,1,9
BRF:2
BRH:1
end_of_record
TN:
SF:lib\agent.js
FN:2,setupAgent
FN:3,createOrUpdate
FN:20,findById
FN:24,findByUuid
FN:32,findAll
FN:36,findConnected
FN:44,findByUsername
FNF:7
FNH:7
FNDA:9,setupAgent
FNDA:2,createOrUpdate
FNDA:1,findById
FNDA:1,findByUuid
FNDA:1,findAll
FNDA:1,findConnected
FNDA:1,findByUsername
DA:2,1
DA:4,2
DA:9,2
DA:11,2
DA:12,1
DA:13,1
DA:16,1
DA:17,1
DA:21,1
DA:25,1
DA:33,1
DA:37,1
DA:45,1
DA:53,9
LF:14
LH:14
BRDA:11,0,0,1
BRDA:11,0,1,1
BRDA:13,1,0,1
BRDA:13,1,1,0
BRF:4
BRH:3
end_of_record
TN:
SF:lib\db.js
FN:6,setupDatabase
FNF:1
FNH:1
FNDA:9,setupDatabase
DA:3,1
DA:4,1
DA:6,1
DA:7,9
DA:8,1
DA:10,9
LF:6
LH:6
BRDA:7,0,0,1
BRDA:7,0,1,8
BRF:2
BRH:2
end_of_record
TN:
SF:lib\metric.js
FN:3,setupMetric
FN:4,findByAgentUuid
FN:19,findByTypeAgentUuid
FN:39,create
FNF:4
FNH:1
FNDA:9,setupMetric
FNDA:0,findByAgentUuid
FNDA:0,findByTypeAgentUuid
FNDA:0,create
DA:3,1
DA:5,0
DA:20,0
DA:40,0
DA:44,0
DA:45,0
DA:46,0
DA:47,0
DA:51,9
LF:9
LH:2
BRDA:44,0,0,0
BRDA:44,0,1,0
BRF:2
BRH:0
end_of_record
TN:
SF:models\agent.js
FN:6,setupAgentModel
FNF:1
FNH:0
FNDA:0,setupAgentModel
DA:3,1
DA:4,1
DA:6,1
DA:7,0
DA:9,0
LF:5
LH:3
BRF:0
BRH:0
end_of_record
TN:
SF:models\metric.js
FN:7,setupMetricModel
FNF:1
FNH:0
FNDA:0,setupMetricModel
DA:4,1
DA:5,1
DA:7,1
DA:8,0
DA:10,0
LF:5
LH:3
BRF:0
BRH:0
end_of_record
